Using pre-set license

 COMMAND LINE ARGUMENTS:
/Applications/Unity/Hub/Editor/2020.2.1f1/Unity.app/Contents/MacOS/Unity
-adb2
-batchMode
-noUpm
-name
AssetImportWorker0
-projectPath
/Users/amanimalti/Desktop/Prototype3
-logFile
Logs/AssetImportWorker0.log
-srvPort
50233
Successfully changed project path to: /Users/amanimalti/Desktop/Prototype3
/Users/amanimalti/Desktop/Prototype3
Using Asset Import Pipeline V2.
Refreshing native plugins compatible for Editor in 36.39 ms, found 1 plugins.
Preloading 0 native plugins for Editor in 0.00 ms.
Initialize engine version: 2020.2.1f1 (270dd8c3da1c)
[Subsystems] Discovering subsystems at path /Applications/Unity/Hub/Editor/2020.2.1f1/Unity.app/Contents/Resources/UnitySubsystems
[Subsystems] Discovering subsystems at path /Users/amanimalti/Desktop/Prototype3/Assets
GfxDevice: creating device client; threaded=0
2021-03-19 16:50:10.325 Unity[17885:69800] Color LCD preferred device: Intel Iris Graphics (low power)
2021-03-19 16:50:10.325 Unity[17885:69800] Metal devices available: 1
2021-03-19 16:50:10.325 Unity[17885:69800] 0: Intel Iris Graphics (low power)
2021-03-19 16:50:10.326 Unity[17885:69800] Using device Intel Iris Graphics (low power)
Initializing Metal device caps: Intel Iris Graphics
Initialize mono
Mono path[0] = '/Applications/Unity/Hub/Editor/2020.2.1f1/Unity.app/Contents/Managed'
Mono path[1] = '/Applications/Unity/Hub/Editor/2020.2.1f1/Unity.app/Contents/MonoBleedingEdge/lib/mono/unityjit'
Mono config path = '/Applications/Unity/Hub/Editor/2020.2.1f1/Unity.app/Contents/MonoBleedingEdge/etc'
Using monoOptions --debugger-agent=transport=dt_socket,embedding=1,server=y,suspend=n,address=127.0.0.1:56885
Begin MonoManager ReloadAssembly
