Using pre-set license

 COMMAND LINE ARGUMENTS:
/Applications/Unity/Hub/Editor/2020.2.1f1/Unity.app/Contents/MacOS/Unity
-adb2
-batchMode
-noUpm
-name
AssetImportWorker0
-projectPath
/Users/amanimalti/Desktop/Prototype3
-logFile
Logs/AssetImportWorker0.log
-srvPort
59883
Successfully changed project path to: /Users/amanimalti/Desktop/Prototype3
/Users/amanimalti/Desktop/Prototype3
Using Asset Import Pipeline V2.
Refreshing native plugins compatible for Editor in 109.84 ms, found 1 plugins.
Preloading 0 native plugins for Editor in 0.00 ms.
Initialize engine version: 2020.2.1f1 (270dd8c3da1c)
[Subsystems] Discovering subsystems at path /Applications/Unity/Hub/Editor/2020.2.1f1/Unity.app/Contents/Resources/UnitySubsystems
[Subsystems] Discovering subsystems at path /Users/amanimalti/Desktop/Prototype3/Assets
GfxDevice: creating device client; threaded=0
2021-03-18 22:57:49.145 Unity[53750:6489277] Color LCD preferred device: Intel Iris Graphics (low power)
2021-03-18 22:57:49.145 Unity[53750:6489277] Metal devices available: 1
2021-03-18 22:57:49.145 Unity[53750:6489277] 0: Intel Iris Graphics (low power)
2021-03-18 22:57:49.146 Unity[53750:6489277] Using device Intel Iris Graphics (low power)
Initializing Metal device caps: Intel Iris Graphics
Initialize mono
Mono path[0] = '/Applications/Unity/Hub/Editor/2020.2.1f1/Unity.app/Contents/Managed'
Mono path[1] = '/Applications/Unity/Hub/Editor/2020.2.1f1/Unity.app/Contents/MonoBleedingEdge/lib/mono/unityjit'
Mono config path = '/Applications/Unity/Hub/Editor/2020.2.1f1/Unity.app/Contents/MonoBleedingEdge/etc'
Using monoOptions --debugger-agent=transport=dt_socket,embedding=1,server=y,suspend=n,address=127.0.0.1:56750
Begin MonoManager ReloadAssembly
Registering precompiled unity dll's ...
Register platform support module: /Applications/Unity/Hub/Editor/2020.2.1f1/Unity.app/Contents/PlaybackEngines/MacStandaloneSupport/UnityEditor.OSXStandalone.Extensions.dll
Registered in 0.001733 seconds.
Native extension for OSXStandalone target not found
Refreshing native plugins compatible for Editor in 50.97 ms, found 1 plugins.
Preloading 0 native plugins for Editor in 0.00 ms.
Invoked RoslynAnalysisRunner static constructor.
RoslynAnalysisRunner will not be running.
RoslynAnalysisRunner has terminated.
Mono: successfully reloaded assembly
- Completed reload, in  9.551 seconds
Platform modules already initialized, skipping
Registering precompiled user dll's ...
Registered in 0.017321 seconds.
Begin MonoManager ReloadAssembly
Native extension for OSXStandalone target not found
Refreshing native plugins compatible for Editor in 0.42 ms, found 1 plugins.
Preloading 0 native plugins for Editor in 0.00 ms.
Invoked RoslynAnalysisRunner static constructor.
RoslynAnalysisRunner will not be running.
RoslynAnalysisRunner has terminated.
Mono: successfully reloaded assembly
- Completed reload, in  2.654 seconds
Platform modules already initialized, skipping
========================================================================
Worker process is ready to serve import requests
Launching external process: /Applications/Unity/Hub/Editor/2020.2.1f1/Unity.app/Contents/Tools/UnityShaderCompiler
Launched and connected shader compiler UnityShaderCompiler after 0.05 seconds
Refreshing native plugins compatible for Editor in 0.74 ms, found 1 plugins.
Preloading 0 native plugins for Editor in 0.00 ms.
Unloading 1094 Unused Serialized files (Serialized files now loaded: 0)
System memory in use before: 108.0 MB.
System memory in use after: 108.1 MB.

Unloading 10 unused Assets to reduce memory usage. Loaded Objects now: 1535.
Total: 3.098779 ms (FindLiveObjects: 0.495744 ms CreateObjectMapping: 0.089899 ms MarkObjects: 2.173398 ms  DeleteObjects: 0.335313 ms)

========================================================================
Received Import Request.
  path: Assets/New Material.mat
  artifactKey: Guid(26882863e2d644af28d5b4273916b560) Importer(815301076,1909f56bfc062723c751e8b465ee728b)
Start importing Assets/New Material.mat using Guid(26882863e2d644af28d5b4273916b560) Importer(815301076,1909f56bfc062723c751e8b465ee728b)  -> (artifact id: '083d022ce3497cae634e59cba77d34d8') in 0.955815 seconds
  Import took 0.962887 seconds .

